Running seed 1...
Seed 1 done. Test acc=52.3256
Running seed 2...
Seed 2 done. Test acc=50.0000
Running seed 3...
Seed 3 done. Test acc=56.9767
Running seed 4...
Seed 4 done. Test acc=60.4651
Running seed 5...
Seed 5 done. Test acc=63.9535
Running seed 6...
Seed 6 done. Test acc=61.6279
Running seed 7...
Seed 7 done. Test acc=62.7907
Running seed 8...
Seed 8 done. Test acc=62.7907
Running seed 9...
Seed 9 done. Test acc=47.6744
Running seed 10...
Seed 10 done. Test acc=40.6977
Running seed 11...
Seed 11 done. Test acc=44.1860
Running seed 12...
Seed 12 done. Test acc=61.6279
Running seed 13...
Seed 13 done. Test acc=63.9535
Running seed 14...
Seed 14 done. Test acc=41.8605
Running seed 15...
Seed 15 done. Test acc=61.6279
Running seed 16...
Seed 16 done. Test acc=58.1395
Running seed 17...
Seed 17 done. Test acc=56.9767
Running seed 18...
Seed 18 done. Test acc=60.4651
Running seed 19...
Seed 19 done. Test acc=65.1163
Running seed 20...
Seed 20 done. Test acc=52.3256
Running seed 21...
Seed 21 done. Test acc=50.0000
Running seed 22...
Seed 22 done. Test acc=46.5116
Running seed 23...
Seed 23 done. Test acc=55.8140
Running seed 24...
Seed 24 done. Test acc=46.5116
Running seed 25...
Seed 25 done. Test acc=60.4651
Running seed 26...
Seed 26 done. Test acc=63.9535
Running seed 27...
Seed 27 done. Test acc=51.1628
Running seed 28...
Seed 28 done. Test acc=65.1163
Running seed 29...
Seed 29 done. Test acc=53.4884
Running seed 30...
Seed 30 done. Test acc=44.1860
\nBest seed: 28
28,83.6066,65.1163,0.5714,0.371
Results written to seed_results.csv
